0 475054013 470092850 0.0104 0.090 1.243 1.037 0.055 0.003 0.228 0.220 5.014
1 476795582 920176360 0.0560 0.093 1.267 1.061 0.483 0.003 0.196 0.219 5.024
2 477134992 1372791401 0.0514 0.091 1.252 1.058 0.464 0.003 0.211 0.202 5.547
3 482485908 1829056514 0.0543 0.092 1.270 1.071 0.563 0.004 0.214 0.196 5.745
4 485906976 2288858317 0.0537 0.098 1.281 1.089 0.521 0.003 0.214 0.202 5.077
5 485467668 2746630168 0.0570 0.096 1.283 1.085 0.585 0.003 0.208 0.199 5.763
6 488126879 3209196818 0.0524 0.097 1.294 1.087 0.508 0.003 0.218 0.204 5.051
7 489152067 3670691245 0.0565 0.097 1.288 1.077 0.581 0.003 0.215 0.206 5.550
8 489077873 4131199692 0.0584 0.099 1.289 1.087 0.597 0.003 0.211 0.190 5.752
9 489274282 4591842978 0.0585 0.094 1.282 1.079 0.598 0.003 0.220 0.206 5.106
10 489416428 5052651379 0.0585 0.095 1.288 1.089 0.589 0.003 0.213 0.209 5.989
11 489554391 5513712537 0.0582 0.097 1.295 1.095 0.595 0.003 0.211 0.213 6.095
12 489567401 5974655091 0.0585 0.096 1.311 1.106 0.596 0.003 0.219 0.192 5.087
13 489611804 6435523210 0.0587 0.102 1.290 1.094 0.598 0.003 0.208 0.198 5.999
14 489540835 6896365378 0.0586 0.099 1.299 1.089 0.593 0.003 0.216 0.201 5.537
15 489813678 7357430788 0.0587 0.100 1.293 1.084 0.595 0.003 0.212 0.191 6.036
16 489947482 7818637108 0.0587 0.099 1.285 1.090 0.604 0.003 0.213 0.188 6.032
17 490121228 8280043365 0.0586 0.095 1.298 1.097 0.604 0.003 0.211 0.193 5.116
18 490193096 8741612491 0.0584 0.096 1.293 1.093 0.601 0.003 0.220 0.192 5.834
19 490232899 9202989401 0.0589 0.097 1.279 1.097 0.614 0.003 0.230 0.219 5.219
20 490439016 9664543847 0.0589 0.096 1.297 1.084 0.601 0.003 0.205 0.207 6.419
21 490637633 10126227489 0.0590 0.099 1.295 1.091 0.611 0.003 0.217 0.205 5.151
22 490782472 10589906548 0.0552 0.095 1.284 1.090 0.546 0.003 0.212 0.219 5.146
23 491040834 11052093947 0.0588 0.096 1.289 1.092 0.604 0.003 0.210 0.204 5.154
24 491146561 11514397976 0.0587 0.096 1.285 1.086 0.608 0.003 0.209 0.214 5.159
25 491218774 11976760745 0.0587 0.095 1.285 1.084 0.610 0.003 0.212 0.212 5.165
26 493971902 12442333942 0.0575 0.098 1.303 1.095 0.611 0.004 0.213 0.206 6.404
27 494065294 12907416150 0.0587 0.103 1.306 1.104 0.611 0.003 0.212 0.215 6.272
28 494310064 13372697875 0.0587 0.100 1.301 1.108 0.616 0.003 0.207 0.226 6.560
29 495583690 13839858690 0.0574 0.102 1.301 1.098 0.622 0.003 0.213 0.217 6.502
30 496753241 14308093858 0.0574 0.104 1.324 1.109 0.619 0.004 0.213 0.205 6.590
0 475054013 470092850 0.0104 0.091 1.239 1.035 0.056 0.003 0.227 0.237 5.034
1 476795582 920176360 0.0560 0.092 1.248 1.047 0.483 0.003 0.201 0.212 5.024
2 477134992 1372791401 0.0514 0.090 1.249 1.051 0.466 0.003 0.213 0.211 5.039
3 482485908 1829056514 0.0543 0.091 1.275 1.071 0.559 0.003 0.207 0.205 5.033
4 485906976 2288858317 0.0537 0.095 1.280 1.074 0.521 0.003 0.218 0.206 5.067
5 485467668 2746630168 0.0570 0.096 1.273 1.081 0.583 0.003 0.220 0.217 5.509
6 488126879 3209196818 0.0524 0.097 1.281 1.082 0.508 0.003 0.219 0.193 5.662
7 489152067 3670691245 0.0565 0.097 1.293 1.087 0.585 0.003 0.218 0.190 5.583
8 489077873 4131199692 0.0584 0.097 1.292 1.100 0.597 0.003 0.211 0.185 5.887
9 489274282 4591842978 0.0585 0.095 1.285 1.087 0.595 0.004 0.231 0.229 5.106
10 489416428 5052651379 0.0585 0.094 1.292 1.080 0.592 0.003 0.208 0.226 5.075
11 489554391 5513712537 0.0582 0.094 1.290 1.087 0.591 0.003 0.211 0.215 5.082
12 489567401 5974655091 0.0585 0.097 1.291 1.087 0.595 0.003 0.222 0.211 5.087
13 489611804 6435523210 0.0587 0.095 1.282 1.087 0.596 0.003 0.213 0.227 5.094
14 489540835 6896365378 0.0586 0.101 1.280 1.075 0.595 0.003 0.203 0.211 5.098
15 489813678 7357430788 0.0587 0.094 1.296 1.093 0.594 0.004 0.211 0.228 5.972
16 489947482 7818637108 0.0587 0.100 1.285 1.099 0.600 0.003 0.214 0.210 5.976
17 490121228 8280043365 0.0586 0.096 1.287 1.083 0.602 0.003 0.220 0.221 6.106
18 490193096 8741612491 0.0584 0.097 1.310 1.097 0.601 0.003 0.211 0.204 5.847
19 490232899 9202989401 0.0589 0.095 1.291 1.098 0.614 0.004 0.230 0.231 6.215
20 490439016 9664543847 0.0589 0.097 1.294 1.094 0.604 0.003 0.205 0.214 6.306
21 490637633 10126227489 0.0590 0.096 1.295 1.096 0.616 0.003 0.208 0.219 6.066
22 490782472 10589906548 0.0552 0.100 1.297 1.085 0.547 0.003 0.207 0.216 6.515
23 491040834 11052093947 0.0588 0.097 1.293 1.093 0.608 0.003 0.212 0.232 6.923
24 491146561 11514397976 0.0587 0.097 1.312 1.116 0.612 0.003 0.220 0.215 6.488
25 491218774 11976760745 0.0587 0.096 1.294 1.098 0.613 0.003 0.210 0.208 6.436
26 493971902 12442333942 0.0575 0.096 1.298 1.100 0.613 0.003 0.206 0.230 6.591
27 494065294 12907416150 0.0587 0.099 1.300 1.100 0.613 0.003 0.210 0.223 5.176
28 494310064 13372697875 0.0587 0.103 1.299 1.102 0.613 0.003 0.212 0.238 6.675
29 495583690 13839858690 0.0574 0.101 1.329 1.106 0.620 0.003 0.210 0.240 6.678
30 496753241 14308093858 0.0574 0.100 1.308 1.111 0.622 0.003 0.209 0.225 6.996
